{"D:\\自学资料\\Board\\backend\\index.js": {"path":"D:\\自学资料\\Board\\backend\\index.js","statementMap":{"0":{"start":{"line":1,"column":16},"end":{"line":1,"column":34}},"1":{"start":{"line":2,"column":17},"end":{"line":2,"column":36}},"2":{"start":{"line":3,"column":15},"end":{"line":3,"column":32}},"3":{"start":{"line":4,"column":12},"end":{"line":4,"column":25}},"4":{"start":{"line":5,"column":11},"end":{"line":5,"column":27}},"5":{"start":{"line":7,"column":0},"end":{"line":7,"column":31}},"6":{"start":{"line":8,"column":0},"end":{"line":8,"column":33}},"7":{"start":{"line":10,"column":0},"end":{"line":10,"column":70}},"8":{"start":{"line":10,"column":32},"end":{"line":10,"column":68}},"9":{"start":{"line":11,"column":15},"end":{"line":11,"column":75}},"10":{"start":{"line":11,"column":38},"end":{"line":11,"column":74}},"11":{"start":{"line":13,"column":0},"end":{"line":13,"column":24}}},"fnMap":{"0":{"name":"(anonymous_0)","decl":{"start":{"line":10,"column":26},"end":{"line":10,"column":27}},"loc":{"start":{"line":10,"column":32},"end":{"line":10,"column":68}},"line":10},"1":{"name":"(anonymous_1)","decl":{"start":{"line":11,"column":32},"end":{"line":11,"column":33}},"loc":{"start":{"line":11,"column":38},"end":{"line":11,"column":74}},"line":11}},"branchMap":{},"s":{"0":2,"1":2,"2":2,"3":2,"4":2,"5":2,"6":2,"7":2,"8":2,"9":2,"10":2,"11":2},"f":{"0":2,"1":2},"b":{},"_coverageSchema":"1a1c01bbd47fc00a2c39e90264f33305004495a9","hash":"a68f5dd6ca08081d4b565c2e55eaefe7d7886bd5"}
,"D:\\自学资料\\Board\\backend\\models\\users.models.js": {"path":"D:\\自学资料\\Board\\backend\\models\\users.models.js","statementMap":{"0":{"start":{"line":1,"column":12},"end":{"line":1,"column":26}},"1":{"start":{"line":2,"column":17},"end":{"line":2,"column":36}},"2":{"start":{"line":3,"column":12},"end":{"line":3,"column":35}},"3":{"start":{"line":4,"column":27},"end":{"line":4,"column":61}},"4":{"start":{"line":5,"column":10},"end":{"line":5,"column":27}},"5":{"start":{"line":7,"column":19},"end":{"line":7,"column":33}},"6":{"start":{"line":9,"column":19},"end":{"line":34,"column":2}},"7":{"start":{"line":36,"column":0},"end":{"line":39,"column":2}},"8":{"start":{"line":37,"column":16},"end":{"line":37,"column":75}},"9":{"start":{"line":38,"column":2},"end":{"line":38,"column":15}},"10":{"start":{"line":41,"column":13},"end":{"line":41,"column":47}},"11":{"start":{"line":44,"column":17},"end":{"line":48,"column":4}},"12":{"start":{"line":50,"column":2},"end":{"line":50,"column":31}},"13":{"start":{"line":53,"column":0},"end":{"line":53,"column":20}},"14":{"start":{"line":54,"column":0},"end":{"line":54,"column":32}},"15":{"start":{"line":55,"column":0},"end":{"line":55,"column":32}}},"fnMap":{"0":{"name":"(anonymous_0)","decl":{"start":{"line":36,"column":39},"end":{"line":36,"column":40}},"loc":{"start":{"line":36,"column":51},"end":{"line":39,"column":1}},"line":36},"1":{"name":"validateUser","decl":{"start":{"line":43,"column":9},"end":{"line":43,"column":21}},"loc":{"start":{"line":43,"column":28},"end":{"line":51,"column":1}},"line":43}},"branchMap":{},"s":{"0":2,"1":2,"2":2,"3":2,"4":2,"5":2,"6":2,"7":2,"8":1,"9":1,"10":2,"11":5,"12":5,"13":2,"14":2,"15":2},"f":{"0":1,"1":5},"b":{},"_coverageSchema":"1a1c01bbd47fc00a2c39e90264f33305004495a9","hash":"1dd186e276591bdf9b7993d71724a8feda8fad3b"}
,"D:\\自学资料\\Board\\backend\\routes\\auth.routes.js": {"path":"D:\\自学资料\\Board\\backend\\routes\\auth.routes.js","statementMap":{"0":{"start":{"line":1,"column":10},"end":{"line":1,"column":27}},"1":{"start":{"line":2,"column":12},"end":{"line":2,"column":35}},"2":{"start":{"line":3,"column":15},"end":{"line":3,"column":32}},"3":{"start":{"line":4,"column":17},"end":{"line":4,"column":50}},"4":{"start":{"line":5,"column":12},"end":{"line":5,"column":26}},"5":{"start":{"line":6,"column":27},"end":{"line":6,"column":61}},"6":{"start":{"line":7,"column":16},"end":{"line":7,"column":34}},"7":{"start":{"line":8,"column":15},"end":{"line":8,"column":32}},"8":{"start":{"line":9,"column":15},"end":{"line":9,"column":31}},"9":{"start":{"line":11,"column":0},"end":{"line":23,"column":3}},"10":{"start":{"line":12,"column":20},"end":{"line":12,"column":38}},"11":{"start":{"line":13,"column":2},"end":{"line":13,"column":56}},"12":{"start":{"line":13,"column":13},"end":{"line":13,"column":56}},"13":{"start":{"line":15,"column":13},"end":{"line":15,"column":58}},"14":{"start":{"line":16,"column":2},"end":{"line":16,"column":70}},"15":{"start":{"line":16,"column":13},"end":{"line":16,"column":70}},"16":{"start":{"line":18,"column":24},"end":{"line":18,"column":78}},"17":{"start":{"line":19,"column":2},"end":{"line":19,"column":79}},"18":{"start":{"line":19,"column":22},"end":{"line":19,"column":79}},"19":{"start":{"line":21,"column":16},"end":{"line":21,"column":40}},"20":{"start":{"line":22,"column":2},"end":{"line":22,"column":18}},"21":{"start":{"line":26,"column":17},"end":{"line":29,"column":4}},"22":{"start":{"line":31,"column":2},"end":{"line":31,"column":30}},"23":{"start":{"line":34,"column":0},"end":{"line":34,"column":24}}},"fnMap":{"0":{"name":"(anonymous_0)","decl":{"start":{"line":11,"column":17},"end":{"line":11,"column":18}},"loc":{"start":{"line":11,"column":37},"end":{"line":23,"column":1}},"line":11},"1":{"name":"validate","decl":{"start":{"line":25,"column":9},"end":{"line":25,"column":17}},"loc":{"start":{"line":25,"column":23},"end":{"line":32,"column":1}},"line":25}},"branchMap":{"0":{"loc":{"start":{"line":13,"column":2},"end":{"line":13,"column":56}},"type":"if","locations":[{"start":{"line":13,"column":2},"end":{"line":13,"column":56}},{"start":{},"end":{}}],"line":13},"1":{"loc":{"start":{"line":16,"column":2},"end":{"line":16,"column":70}},"type":"if","locations":[{"start":{"line":16,"column":2},"end":{"line":16,"column":70}},{"start":{},"end":{}}],"line":16},"2":{"loc":{"start":{"line":19,"column":2},"end":{"line":19,"column":79}},"type":"if","locations":[{"start":{"line":19,"column":2},"end":{"line":19,"column":79}},{"start":{},"end":{}}],"line":19}},"s":{"0":2,"1":2,"2":2,"3":2,"4":2,"5":2,"6":2,"7":2,"8":2,"9":2,"10":3,"11":3,"12":1,"13":2,"14":2,"15":2,"16":0,"17":0,"18":0,"19":0,"20":0,"21":3,"22":3,"23":2},"f":{"0":3,"1":3},"b":{"0":[1,2],"1":[2,0],"2":[0,0]},"_coverageSchema":"1a1c01bbd47fc00a2c39e90264f33305004495a9","hash":"97f5beae97aeb11664f642fab2265ad73f0ec388"}
,"D:\\自学资料\\Board\\backend\\routes\\users.routes.js": {"path":"D:\\自学资料\\Board\\backend\\routes\\users.routes.js","statementMap":{"0":{"start":{"line":1,"column":10},"end":{"line":1,"column":27}},"1":{"start":{"line":2,"column":15},"end":{"line":2,"column":32}},"2":{"start":{"line":3,"column":27},"end":{"line":3,"column":60}},"3":{"start":{"line":4,"column":16},"end":{"line":4,"column":34}},"4":{"start":{"line":5,"column":12},"end":{"line":5,"column":35}},"5":{"start":{"line":6,"column":15},"end":{"line":6,"column":31}},"6":{"start":{"line":10,"column":0},"end":{"line":13,"column":3}},"7":{"start":{"line":11,"column":16},"end":{"line":11,"column":33}},"8":{"start":{"line":12,"column":2},"end":{"line":12,"column":30}},"9":{"start":{"line":16,"column":0},"end":{"line":32,"column":3}},"10":{"start":{"line":17,"column":2},"end":{"line":17,"column":34}},"11":{"start":{"line":18,"column":20},"end":{"line":18,"column":38}},"12":{"start":{"line":19,"column":2},"end":{"line":19,"column":56}},"13":{"start":{"line":19,"column":13},"end":{"line":19,"column":56}},"14":{"start":{"line":21,"column":13},"end":{"line":21,"column":58}},"15":{"start":{"line":22,"column":2},"end":{"line":22,"column":60}},"16":{"start":{"line":22,"column":12},"end":{"line":22,"column":60}},"17":{"start":{"line":24,"column":15},"end":{"line":24,"column":39}},"18":{"start":{"line":25,"column":2},"end":{"line":25,"column":67}},"19":{"start":{"line":26,"column":2},"end":{"line":26,"column":57}},"20":{"start":{"line":27,"column":2},"end":{"line":27,"column":20}},"21":{"start":{"line":29,"column":16},"end":{"line":29,"column":40}},"22":{"start":{"line":31,"column":2},"end":{"line":31,"column":18}},"23":{"start":{"line":34,"column":0},"end":{"line":34,"column":24}}},"fnMap":{"0":{"name":"(anonymous_0)","decl":{"start":{"line":10,"column":16},"end":{"line":10,"column":17}},"loc":{"start":{"line":10,"column":36},"end":{"line":13,"column":1}},"line":10},"1":{"name":"(anonymous_1)","decl":{"start":{"line":16,"column":17},"end":{"line":16,"column":18}},"loc":{"start":{"line":16,"column":37},"end":{"line":32,"column":1}},"line":16}},"branchMap":{"0":{"loc":{"start":{"line":19,"column":2},"end":{"line":19,"column":56}},"type":"if","locations":[{"start":{"line":19,"column":2},"end":{"line":19,"column":56}},{"start":{},"end":{}}],"line":19},"1":{"loc":{"start":{"line":22,"column":2},"end":{"line":22,"column":60}},"type":"if","locations":[{"start":{"line":22,"column":2},"end":{"line":22,"column":60}},{"start":{},"end":{}}],"line":22}},"s":{"0":2,"1":2,"2":2,"3":2,"4":2,"5":2,"6":2,"7":1,"8":1,"9":2,"10":5,"11":5,"12":5,"13":3,"14":2,"15":2,"16":1,"17":1,"18":1,"19":1,"20":1,"21":1,"22":1,"23":2},"f":{"0":1,"1":5},"b":{"0":[3,2],"1":[1,1]},"_coverageSchema":"1a1c01bbd47fc00a2c39e90264f33305004495a9","hash":"01981c33aa1d835d4d3738b198db69ca2460536e"}
,"D:\\自学资料\\Board\\backend\\startup\\cors.js": {"path":"D:\\自学资料\\Board\\backend\\startup\\cors.js","statementMap":{"0":{"start":{"line":1,"column":13},"end":{"line":1,"column":28}},"1":{"start":{"line":3,"column":0},"end":{"line":5,"column":2}},"2":{"start":{"line":4,"column":2},"end":{"line":4,"column":18}}},"fnMap":{"0":{"name":"(anonymous_0)","decl":{"start":{"line":3,"column":17},"end":{"line":3,"column":18}},"loc":{"start":{"line":3,"column":32},"end":{"line":5,"column":1}},"line":3}},"branchMap":{},"s":{"0":2,"1":2,"2":2},"f":{"0":2},"b":{},"_coverageSchema":"1a1c01bbd47fc00a2c39e90264f33305004495a9","hash":"af3801dad39a0a6ab3d6cfe4063d856a3a9a3d3b"}
,"D:\\自学资料\\Board\\backend\\startup\\routes.js": {"path":"D:\\自学资料\\Board\\backend\\startup\\routes.js","statementMap":{"0":{"start":{"line":1,"column":14},"end":{"line":1,"column":47}},"1":{"start":{"line":2,"column":13},"end":{"line":2,"column":45}},"2":{"start":{"line":3,"column":16},"end":{"line":3,"column":34}},"3":{"start":{"line":5,"column":0},"end":{"line":9,"column":2}},"4":{"start":{"line":6,"column":2},"end":{"line":6,"column":26}},"5":{"start":{"line":7,"column":2},"end":{"line":7,"column":29}},"6":{"start":{"line":8,"column":2},"end":{"line":8,"column":31}}},"fnMap":{"0":{"name":"(anonymous_0)","decl":{"start":{"line":5,"column":17},"end":{"line":5,"column":18}},"loc":{"start":{"line":5,"column":32},"end":{"line":9,"column":1}},"line":5}},"branchMap":{},"s":{"0":2,"1":2,"2":2,"3":2,"4":2,"5":2,"6":2},"f":{"0":2},"b":{},"_coverageSchema":"1a1c01bbd47fc00a2c39e90264f33305004495a9","hash":"b81026a4df717dbdea14f51d90e8ab09b3065b0a"}
}
