{"D:\\自学资料\\Board\\backend\\index.js": {"path":"D:\\自学资料\\Board\\backend\\index.js","statementMap":{"0":{"start":{"line":1,"column":16},"end":{"line":1,"column":34}},"1":{"start":{"line":2,"column":17},"end":{"line":2,"column":36}},"2":{"start":{"line":3,"column":15},"end":{"line":3,"column":32}},"3":{"start":{"line":4,"column":12},"end":{"line":4,"column":25}},"4":{"start":{"line":5,"column":11},"end":{"line":5,"column":27}},"5":{"start":{"line":7,"column":0},"end":{"line":7,"column":31}},"6":{"start":{"line":8,"column":0},"end":{"line":8,"column":33}},"7":{"start":{"line":10,"column":0},"end":{"line":10,"column":70}},"8":{"start":{"line":10,"column":32},"end":{"line":10,"column":68}},"9":{"start":{"line":11,"column":15},"end":{"line":11,"column":75}},"10":{"start":{"line":11,"column":38},"end":{"line":11,"column":74}},"11":{"start":{"line":13,"column":0},"end":{"line":13,"column":24}}},"fnMap":{"0":{"name":"(anonymous_0)","decl":{"start":{"line":10,"column":26},"end":{"line":10,"column":27}},"loc":{"start":{"line":10,"column":32},"end":{"line":10,"column":68}},"line":10},"1":{"name":"(anonymous_1)","decl":{"start":{"line":11,"column":32},"end":{"line":11,"column":33}},"loc":{"start":{"line":11,"column":38},"end":{"line":11,"column":74}},"line":11}},"branchMap":{},"s":{"0":2,"1":2,"2":2,"3":2,"4":2,"5":2,"6":2,"7":2,"8":2,"9":2,"10":2,"11":2},"f":{"0":2,"1":2},"b":{},"_coverageSchema":"1a1c01bbd47fc00a2c39e90264f33305004495a9","hash":"a68f5dd6ca08081d4b565c2e55eaefe7d7886bd5"}
,"D:\\自学资料\\Board\\backend\\models\\events.models.js": {"path":"D:\\自学资料\\Board\\backend\\models\\events.models.js","statementMap":{"0":{"start":{"line":1,"column":17},"end":{"line":1,"column":36}},"1":{"start":{"line":2,"column":12},"end":{"line":2,"column":26}},"2":{"start":{"line":4,"column":24},"end":{"line":13,"column":2}},"3":{"start":{"line":15,"column":20},"end":{"line":43,"column":2}},"4":{"start":{"line":45,"column":14},"end":{"line":45,"column":50}},"5":{"start":{"line":48,"column":17},"end":{"line":56,"column":4}},"6":{"start":{"line":57,"column":2},"end":{"line":57,"column":32}},"7":{"start":{"line":60,"column":0},"end":{"line":60,"column":22}},"8":{"start":{"line":61,"column":0},"end":{"line":61,"column":33}},"9":{"start":{"line":62,"column":0},"end":{"line":62,"column":34}}},"fnMap":{"0":{"name":"validateEvent","decl":{"start":{"line":47,"column":9},"end":{"line":47,"column":22}},"loc":{"start":{"line":47,"column":30},"end":{"line":58,"column":1}},"line":47}},"branchMap":{},"s":{"0":2,"1":2,"2":2,"3":2,"4":2,"5":0,"6":0,"7":2,"8":2,"9":2},"f":{"0":0},"b":{},"_coverageSchema":"1a1c01bbd47fc00a2c39e90264f33305004495a9","hash":"5252f086b8efc31c7e89a8ac51dc9c08cf967ef4"}
,"D:\\自学资料\\Board\\backend\\models\\users.models.js": {"path":"D:\\自学资料\\Board\\backend\\models\\users.models.js","statementMap":{"0":{"start":{"line":1,"column":12},"end":{"line":1,"column":26}},"1":{"start":{"line":2,"column":17},"end":{"line":2,"column":36}},"2":{"start":{"line":3,"column":12},"end":{"line":3,"column":35}},"3":{"start":{"line":4,"column":27},"end":{"line":4,"column":61}},"4":{"start":{"line":5,"column":10},"end":{"line":5,"column":27}},"5":{"start":{"line":7,"column":19},"end":{"line":7,"column":33}},"6":{"start":{"line":9,"column":19},"end":{"line":37,"column":2}},"7":{"start":{"line":39,"column":0},"end":{"line":42,"column":2}},"8":{"start":{"line":40,"column":16},"end":{"line":40,"column":86}},"9":{"start":{"line":41,"column":2},"end":{"line":41,"column":15}},"10":{"start":{"line":44,"column":13},"end":{"line":44,"column":47}},"11":{"start":{"line":47,"column":17},"end":{"line":52,"column":4}},"12":{"start":{"line":54,"column":2},"end":{"line":54,"column":31}},"13":{"start":{"line":57,"column":0},"end":{"line":57,"column":20}},"14":{"start":{"line":58,"column":0},"end":{"line":58,"column":32}},"15":{"start":{"line":59,"column":0},"end":{"line":59,"column":32}}},"fnMap":{"0":{"name":"(anonymous_0)","decl":{"start":{"line":39,"column":39},"end":{"line":39,"column":40}},"loc":{"start":{"line":39,"column":51},"end":{"line":42,"column":1}},"line":39},"1":{"name":"validateUser","decl":{"start":{"line":46,"column":9},"end":{"line":46,"column":21}},"loc":{"start":{"line":46,"column":28},"end":{"line":55,"column":1}},"line":46}},"branchMap":{},"s":{"0":2,"1":2,"2":2,"3":2,"4":2,"5":2,"6":2,"7":2,"8":1,"9":1,"10":2,"11":5,"12":5,"13":2,"14":2,"15":2},"f":{"0":1,"1":5},"b":{},"_coverageSchema":"1a1c01bbd47fc00a2c39e90264f33305004495a9","hash":"dc87180e1ee7cf3417fd34f40d80e5ddcd5b644c"}
,"D:\\自学资料\\Board\\backend\\routes\\auth.routes.js": {"path":"D:\\自学资料\\Board\\backend\\routes\\auth.routes.js","statementMap":{"0":{"start":{"line":1,"column":10},"end":{"line":1,"column":27}},"1":{"start":{"line":2,"column":12},"end":{"line":2,"column":35}},"2":{"start":{"line":3,"column":15},"end":{"line":3,"column":32}},"3":{"start":{"line":4,"column":17},"end":{"line":4,"column":50}},"4":{"start":{"line":5,"column":12},"end":{"line":5,"column":26}},"5":{"start":{"line":6,"column":27},"end":{"line":6,"column":61}},"6":{"start":{"line":7,"column":16},"end":{"line":7,"column":34}},"7":{"start":{"line":8,"column":15},"end":{"line":8,"column":32}},"8":{"start":{"line":9,"column":15},"end":{"line":9,"column":31}},"9":{"start":{"line":11,"column":0},"end":{"line":23,"column":3}},"10":{"start":{"line":12,"column":20},"end":{"line":12,"column":38}},"11":{"start":{"line":13,"column":2},"end":{"line":13,"column":56}},"12":{"start":{"line":13,"column":13},"end":{"line":13,"column":56}},"13":{"start":{"line":15,"column":13},"end":{"line":15,"column":58}},"14":{"start":{"line":16,"column":2},"end":{"line":16,"column":70}},"15":{"start":{"line":16,"column":13},"end":{"line":16,"column":70}},"16":{"start":{"line":18,"column":24},"end":{"line":18,"column":78}},"17":{"start":{"line":19,"column":2},"end":{"line":19,"column":79}},"18":{"start":{"line":19,"column":22},"end":{"line":19,"column":79}},"19":{"start":{"line":21,"column":16},"end":{"line":21,"column":40}},"20":{"start":{"line":22,"column":2},"end":{"line":22,"column":18}},"21":{"start":{"line":26,"column":17},"end":{"line":29,"column":4}},"22":{"start":{"line":31,"column":2},"end":{"line":31,"column":30}},"23":{"start":{"line":34,"column":0},"end":{"line":34,"column":24}}},"fnMap":{"0":{"name":"(anonymous_0)","decl":{"start":{"line":11,"column":17},"end":{"line":11,"column":18}},"loc":{"start":{"line":11,"column":37},"end":{"line":23,"column":1}},"line":11},"1":{"name":"validate","decl":{"start":{"line":25,"column":9},"end":{"line":25,"column":17}},"loc":{"start":{"line":25,"column":23},"end":{"line":32,"column":1}},"line":25}},"branchMap":{"0":{"loc":{"start":{"line":13,"column":2},"end":{"line":13,"column":56}},"type":"if","locations":[{"start":{"line":13,"column":2},"end":{"line":13,"column":56}},{"start":{},"end":{}}],"line":13},"1":{"loc":{"start":{"line":16,"column":2},"end":{"line":16,"column":70}},"type":"if","locations":[{"start":{"line":16,"column":2},"end":{"line":16,"column":70}},{"start":{},"end":{}}],"line":16},"2":{"loc":{"start":{"line":19,"column":2},"end":{"line":19,"column":79}},"type":"if","locations":[{"start":{"line":19,"column":2},"end":{"line":19,"column":79}},{"start":{},"end":{}}],"line":19}},"s":{"0":2,"1":2,"2":2,"3":2,"4":2,"5":2,"6":2,"7":2,"8":2,"9":2,"10":3,"11":3,"12":1,"13":2,"14":2,"15":2,"16":0,"17":0,"18":0,"19":0,"20":0,"21":3,"22":3,"23":2},"f":{"0":3,"1":3},"b":{"0":[1,2],"1":[2,0],"2":[0,0]},"_coverageSchema":"1a1c01bbd47fc00a2c39e90264f33305004495a9","hash":"97f5beae97aeb11664f642fab2265ad73f0ec388"}
,"D:\\自学资料\\Board\\backend\\routes\\events.routes.js": {"path":"D:\\自学资料\\Board\\backend\\routes\\events.routes.js","statementMap":{"0":{"start":{"line":1,"column":28},"end":{"line":1,"column":62}},"1":{"start":{"line":2,"column":17},"end":{"line":2,"column":50}},"2":{"start":{"line":3,"column":16},"end":{"line":3,"column":34}},"3":{"start":{"line":4,"column":10},"end":{"line":4,"column":27}},"4":{"start":{"line":6,"column":15},"end":{"line":6,"column":31}},"5":{"start":{"line":9,"column":0},"end":{"line":17,"column":3}},"6":{"start":{"line":15,"column":17},"end":{"line":15,"column":77}},"7":{"start":{"line":16,"column":2},"end":{"line":16,"column":31}},"8":{"start":{"line":20,"column":0},"end":{"line":24,"column":3}},"9":{"start":{"line":21,"column":18},"end":{"line":21,"column":36}},"10":{"start":{"line":22,"column":16},"end":{"line":22,"column":54}},"11":{"start":{"line":23,"column":2},"end":{"line":23,"column":37}},"12":{"start":{"line":27,"column":0},"end":{"line":33,"column":3}},"13":{"start":{"line":28,"column":18},"end":{"line":28,"column":31}},"14":{"start":{"line":29,"column":16},"end":{"line":29,"column":45}},"15":{"start":{"line":30,"column":2},"end":{"line":30,"column":61}},"16":{"start":{"line":30,"column":14},"end":{"line":30,"column":61}},"17":{"start":{"line":32,"column":2},"end":{"line":32,"column":37}},"18":{"start":{"line":36,"column":0},"end":{"line":51,"column":3}},"19":{"start":{"line":43,"column":16},"end":{"line":43,"column":24}},"20":{"start":{"line":44,"column":20},"end":{"line":44,"column":35}},"21":{"start":{"line":45,"column":2},"end":{"line":45,"column":56}},"22":{"start":{"line":45,"column":13},"end":{"line":45,"column":56}},"23":{"start":{"line":47,"column":19},"end":{"line":47,"column":99}},"24":{"start":{"line":49,"column":2},"end":{"line":49,"column":26}},"25":{"start":{"line":50,"column":2},"end":{"line":50,"column":23}},"26":{"start":{"line":54,"column":0},"end":{"line":82,"column":3}},"27":{"start":{"line":62,"column":18},"end":{"line":62,"column":31}},"28":{"start":{"line":63,"column":17},"end":{"line":63,"column":25}},"29":{"start":{"line":65,"column":15},"end":{"line":65,"column":38}},"30":{"start":{"line":66,"column":2},"end":{"line":66,"column":59}},"31":{"start":{"line":66,"column":13},"end":{"line":66,"column":59}},"32":{"start":{"line":68,"column":14},"end":{"line":68,"column":43}},"33":{"start":{"line":69,"column":2},"end":{"line":69,"column":61}},"34":{"start":{"line":69,"column":14},"end":{"line":69,"column":61}},"35":{"start":{"line":72,"column":2},"end":{"line":73,"column":62}},"36":{"start":{"line":72,"column":31},"end":{"line":72,"column":47}},"37":{"start":{"line":73,"column":4},"end":{"line":73,"column":62}},"38":{"start":{"line":75,"column":2},"end":{"line":78,"column":5}},"39":{"start":{"line":80,"column":2},"end":{"line":80,"column":29}},"40":{"start":{"line":81,"column":2},"end":{"line":81,"column":18}},"41":{"start":{"line":84,"column":0},"end":{"line":93,"column":3}},"42":{"start":{"line":85,"column":16},"end":{"line":85,"column":24}},"43":{"start":{"line":86,"column":10},"end":{"line":86,"column":41}},"44":{"start":{"line":87,"column":2},"end":{"line":87,"column":57}},"45":{"start":{"line":87,"column":10},"end":{"line":87,"column":57}},"46":{"start":{"line":88,"column":2},"end":{"line":90,"column":3}},"47":{"start":{"line":89,"column":4},"end":{"line":89,"column":36}},"48":{"start":{"line":89,"column":16},"end":{"line":89,"column":36}},"49":{"start":{"line":91,"column":2},"end":{"line":91,"column":21}},"50":{"start":{"line":92,"column":2},"end":{"line":92,"column":25}},"51":{"start":{"line":95,"column":0},"end":{"line":95,"column":24}}},"fnMap":{"0":{"name":"(anonymous_0)","decl":{"start":{"line":9,"column":16},"end":{"line":9,"column":17}},"loc":{"start":{"line":9,"column":36},"end":{"line":17,"column":1}},"line":9},"1":{"name":"(anonymous_1)","decl":{"start":{"line":20,"column":31},"end":{"line":20,"column":32}},"loc":{"start":{"line":20,"column":51},"end":{"line":24,"column":1}},"line":20},"2":{"name":"(anonymous_2)","decl":{"start":{"line":27,"column":21},"end":{"line":27,"column":22}},"loc":{"start":{"line":27,"column":41},"end":{"line":33,"column":1}},"line":27},"3":{"name":"(anonymous_3)","decl":{"start":{"line":36,"column":17},"end":{"line":36,"column":18}},"loc":{"start":{"line":36,"column":37},"end":{"line":51,"column":1}},"line":36},"4":{"name":"(anonymous_4)","decl":{"start":{"line":54,"column":30},"end":{"line":54,"column":31}},"loc":{"start":{"line":54,"column":50},"end":{"line":82,"column":1}},"line":54},"5":{"name":"(anonymous_5)","decl":{"start":{"line":72,"column":24},"end":{"line":72,"column":25}},"loc":{"start":{"line":72,"column":31},"end":{"line":72,"column":47}},"line":72},"6":{"name":"(anonymous_6)","decl":{"start":{"line":84,"column":16},"end":{"line":84,"column":17}},"loc":{"start":{"line":84,"column":36},"end":{"line":93,"column":1}},"line":84}},"branchMap":{"0":{"loc":{"start":{"line":30,"column":2},"end":{"line":30,"column":61}},"type":"if","locations":[{"start":{"line":30,"column":2},"end":{"line":30,"column":61}},{"start":{},"end":{}}],"line":30},"1":{"loc":{"start":{"line":45,"column":2},"end":{"line":45,"column":56}},"type":"if","locations":[{"start":{"line":45,"column":2},"end":{"line":45,"column":56}},{"start":{},"end":{}}],"line":45},"2":{"loc":{"start":{"line":66,"column":2},"end":{"line":66,"column":59}},"type":"if","locations":[{"start":{"line":66,"column":2},"end":{"line":66,"column":59}},{"start":{},"end":{}}],"line":66},"3":{"loc":{"start":{"line":69,"column":2},"end":{"line":69,"column":61}},"type":"if","locations":[{"start":{"line":69,"column":2},"end":{"line":69,"column":61}},{"start":{},"end":{}}],"line":69},"4":{"loc":{"start":{"line":72,"column":2},"end":{"line":73,"column":62}},"type":"if","locations":[{"start":{"line":72,"column":2},"end":{"line":73,"column":62}},{"start":{},"end":{}}],"line":72},"5":{"loc":{"start":{"line":87,"column":2},"end":{"line":87,"column":57}},"type":"if","locations":[{"start":{"line":87,"column":2},"end":{"line":87,"column":57}},{"start":{},"end":{}}],"line":87},"6":{"loc":{"start":{"line":89,"column":4},"end":{"line":89,"column":36}},"type":"if","locations":[{"start":{"line":89,"column":4},"end":{"line":89,"column":36}},{"start":{},"end":{}}],"line":89}},"s":{"0":2,"1":2,"2":2,"3":2,"4":2,"5":2,"6":0,"7":0,"8":2,"9":0,"10":0,"11":0,"12":2,"13":0,"14":0,"15":0,"16":0,"17":0,"18":2,"19":0,"20":0,"21":0,"22":0,"23":0,"24":0,"25":0,"26":2,"27":0,"28":0,"29":0,"30":0,"31":0,"32":0,"33":0,"34":0,"35":0,"36":0,"37":0,"38":0,"39":0,"40":0,"41":2,"42":0,"43":0,"44":0,"45":0,"46":0,"47":0,"48":0,"49":0,"50":0,"51":2},"f":{"0":0,"1":0,"2":0,"3":0,"4":0,"5":0,"6":0},"b":{"0":[0,0],"1":[0,0],"2":[0,0],"3":[0,0],"4":[0,0],"5":[0,0],"6":[0,0]},"_coverageSchema":"1a1c01bbd47fc00a2c39e90264f33305004495a9","hash":"94038f8b5647689eeee3b497af9b2c182d94ce4e"}
,"D:\\自学资料\\Board\\backend\\routes\\users.routes.js": {"path":"D:\\自学资料\\Board\\backend\\routes\\users.routes.js","statementMap":{"0":{"start":{"line":1,"column":10},"end":{"line":1,"column":27}},"1":{"start":{"line":2,"column":15},"end":{"line":2,"column":32}},"2":{"start":{"line":3,"column":27},"end":{"line":3,"column":60}},"3":{"start":{"line":4,"column":16},"end":{"line":4,"column":34}},"4":{"start":{"line":5,"column":12},"end":{"line":5,"column":35}},"5":{"start":{"line":6,"column":15},"end":{"line":6,"column":31}},"6":{"start":{"line":10,"column":0},"end":{"line":13,"column":3}},"7":{"start":{"line":11,"column":16},"end":{"line":11,"column":33}},"8":{"start":{"line":12,"column":2},"end":{"line":12,"column":30}},"9":{"start":{"line":16,"column":0},"end":{"line":31,"column":3}},"10":{"start":{"line":18,"column":20},"end":{"line":18,"column":38}},"11":{"start":{"line":19,"column":2},"end":{"line":19,"column":56}},"12":{"start":{"line":19,"column":13},"end":{"line":19,"column":56}},"13":{"start":{"line":21,"column":13},"end":{"line":21,"column":58}},"14":{"start":{"line":22,"column":2},"end":{"line":22,"column":60}},"15":{"start":{"line":22,"column":12},"end":{"line":22,"column":60}},"16":{"start":{"line":24,"column":15},"end":{"line":24,"column":39}},"17":{"start":{"line":25,"column":2},"end":{"line":25,"column":78}},"18":{"start":{"line":26,"column":2},"end":{"line":26,"column":57}},"19":{"start":{"line":27,"column":2},"end":{"line":27,"column":20}},"20":{"start":{"line":29,"column":16},"end":{"line":29,"column":40}},"21":{"start":{"line":30,"column":2},"end":{"line":30,"column":18}},"22":{"start":{"line":33,"column":0},"end":{"line":33,"column":24}}},"fnMap":{"0":{"name":"(anonymous_0)","decl":{"start":{"line":10,"column":16},"end":{"line":10,"column":17}},"loc":{"start":{"line":10,"column":36},"end":{"line":13,"column":1}},"line":10},"1":{"name":"(anonymous_1)","decl":{"start":{"line":16,"column":17},"end":{"line":16,"column":18}},"loc":{"start":{"line":16,"column":37},"end":{"line":31,"column":1}},"line":16}},"branchMap":{"0":{"loc":{"start":{"line":19,"column":2},"end":{"line":19,"column":56}},"type":"if","locations":[{"start":{"line":19,"column":2},"end":{"line":19,"column":56}},{"start":{},"end":{}}],"line":19},"1":{"loc":{"start":{"line":22,"column":2},"end":{"line":22,"column":60}},"type":"if","locations":[{"start":{"line":22,"column":2},"end":{"line":22,"column":60}},{"start":{},"end":{}}],"line":22}},"s":{"0":2,"1":2,"2":2,"3":2,"4":2,"5":2,"6":2,"7":1,"8":1,"9":2,"10":5,"11":5,"12":4,"13":1,"14":1,"15":0,"16":1,"17":1,"18":1,"19":1,"20":1,"21":1,"22":2},"f":{"0":1,"1":5},"b":{"0":[4,1],"1":[0,1]},"_coverageSchema":"1a1c01bbd47fc00a2c39e90264f33305004495a9","hash":"52a511199b249cc5a8f4554b5d8555ef6eee30fa"}
,"D:\\自学资料\\Board\\backend\\startup\\cors.js": {"path":"D:\\自学资料\\Board\\backend\\startup\\cors.js","statementMap":{"0":{"start":{"line":1,"column":13},"end":{"line":1,"column":28}},"1":{"start":{"line":3,"column":0},"end":{"line":5,"column":2}},"2":{"start":{"line":4,"column":2},"end":{"line":4,"column":18}}},"fnMap":{"0":{"name":"(anonymous_0)","decl":{"start":{"line":3,"column":17},"end":{"line":3,"column":18}},"loc":{"start":{"line":3,"column":32},"end":{"line":5,"column":1}},"line":3}},"branchMap":{},"s":{"0":2,"1":2,"2":2},"f":{"0":2},"b":{},"_coverageSchema":"1a1c01bbd47fc00a2c39e90264f33305004495a9","hash":"af3801dad39a0a6ab3d6cfe4063d856a3a9a3d3b"}
,"D:\\自学资料\\Board\\backend\\startup\\routes.js": {"path":"D:\\自学资料\\Board\\backend\\startup\\routes.js","statementMap":{"0":{"start":{"line":1,"column":14},"end":{"line":1,"column":47}},"1":{"start":{"line":2,"column":13},"end":{"line":2,"column":45}},"2":{"start":{"line":3,"column":15},"end":{"line":3,"column":49}},"3":{"start":{"line":4,"column":16},"end":{"line":4,"column":34}},"4":{"start":{"line":6,"column":0},"end":{"line":11,"column":2}},"5":{"start":{"line":7,"column":2},"end":{"line":7,"column":26}},"6":{"start":{"line":8,"column":2},"end":{"line":8,"column":29}},"7":{"start":{"line":9,"column":2},"end":{"line":9,"column":31}},"8":{"start":{"line":10,"column":2},"end":{"line":10,"column":33}}},"fnMap":{"0":{"name":"(anonymous_0)","decl":{"start":{"line":6,"column":17},"end":{"line":6,"column":18}},"loc":{"start":{"line":6,"column":32},"end":{"line":11,"column":1}},"line":6}},"branchMap":{},"s":{"0":2,"1":2,"2":2,"3":2,"4":2,"5":2,"6":2,"7":2,"8":2},"f":{"0":2},"b":{},"_coverageSchema":"1a1c01bbd47fc00a2c39e90264f33305004495a9","hash":"1877be32b0962e6d39a7c1f18c7752c13c9a434b"}
}
