TN:
SF:index.js
FN:10,(anonymous_0)
FN:11,(anonymous_1)
FNF:2
FNH:2
FNDA:2,(anonymous_0)
FNDA:2,(anonymous_1)
DA:1,2
DA:2,2
DA:3,2
DA:4,2
DA:5,2
DA:7,2
DA:8,2
DA:10,2
DA:11,2
DA:13,2
LF:10
LH:10
BRF:0
BRH:0
end_of_record
TN:
SF:models\users.models.js
FN:36,(anonymous_0)
FN:43,validateUser
FNF:2
FNH:2
FNDA:1,(anonymous_0)
FNDA:5,validateUser
DA:1,2
DA:2,2
DA:3,2
DA:4,2
DA:5,2
DA:7,2
DA:9,2
DA:36,2
DA:37,1
DA:38,1
DA:41,2
DA:44,5
DA:50,5
DA:53,2
DA:54,2
DA:55,2
LF:16
LH:16
BRF:0
BRH:0
end_of_record
TN:
SF:routes\auth.routes.js
FN:11,(anonymous_0)
FN:25,validate
FNF:2
FNH:2
FNDA:3,(anonymous_0)
FNDA:3,validate
DA:1,2
DA:2,2
DA:3,2
DA:4,2
DA:5,2
DA:6,2
DA:7,2
DA:8,2
DA:9,2
DA:11,2
DA:12,3
DA:13,3
DA:15,2
DA:16,2
DA:18,0
DA:19,0
DA:21,0
DA:22,0
DA:26,3
DA:31,3
DA:34,2
LF:21
LH:17
BRDA:13,0,0,1
BRDA:13,0,1,2
BRDA:16,1,0,2
BRDA:16,1,1,0
BRDA:19,2,0,0
BRDA:19,2,1,0
BRF:6
BRH:3
end_of_record
TN:
SF:routes\users.routes.js
FN:10,(anonymous_0)
FN:16,(anonymous_1)
FNF:2
FNH:2
FNDA:1,(anonymous_0)
FNDA:5,(anonymous_1)
DA:1,2
DA:2,2
DA:3,2
DA:4,2
DA:5,2
DA:6,2
DA:10,2
DA:11,1
DA:12,1
DA:16,2
DA:17,5
DA:18,5
DA:19,5
DA:21,2
DA:22,2
DA:24,1
DA:25,1
DA:26,1
DA:27,1
DA:29,1
DA:31,1
DA:34,2
LF:22
LH:22
BRDA:19,0,0,3
BRDA:19,0,1,2
BRDA:22,1,0,1
BRDA:22,1,1,1
BRF:4
BRH:4
end_of_record
TN:
SF:startup\cors.js
FN:3,(anonymous_0)
FNF:1
FNH:1
FNDA:2,(anonymous_0)
DA:1,2
DA:3,2
DA:4,2
LF:3
LH:3
BRF:0
BRH:0
end_of_record
TN:
SF:startup\routes.js
FN:5,(anonymous_0)
FNF:1
FNH:1
FNDA:2,(anonymous_0)
DA:1,2
DA:2,2
DA:3,2
DA:5,2
DA:6,2
DA:7,2
DA:8,2
LF:7
LH:7
BRF:0
BRH:0
end_of_record
